Multimedia/20_reproducir_sonido_bucle/app/build/outputs/logs/manifest-merger-debug-report.txt
-- Merging decision tree log ---
manifest
ADDED from src/main/AndroidManifest.xml:2:1-18:12
INJECTED from src/main/AndroidManifest.xml:2:1-18:12
INJECTED from src/main/AndroidManifest.xml:2:1-18:12
INJECTED from src/main/AndroidManifest.xml:2:1-18:12
INJECTED from src/main/AndroidManifest.xml:2:1-18:12
INJECTED from src/main/AndroidManifest.xml:2:1-18:12
INJECTED from src/main/AndroidManifest.xml:2:1-18:12
	package
		ADDED from src/main/AndroidManifest.xml:3:7-37
		INJECTED from src/main/AndroidManifest.xml
		INJECTED from src/main/AndroidManifest.xml
	android:versionName
		ADDED from src/main/AndroidManifest.xml:5:7-32
		INJECTED from src/main/AndroidManifest.xml
		INJECTED from src/main/AndroidManifest.xml
	xmlns:android
		ADDED from src/main/AndroidManifest.xml:2:11-69
	android:versionCode
		ADDED from src/main/AndroidManifest.xml:4:7-30
		INJECTED from src/main/AndroidManifest.xml
		INJECTED from src/main/AndroidManifest.xml
uses-sdk
ADDED from src/main/AndroidManifest.xml:6:5-44
INJECTED from src/main/AndroidManifest.xml:6:5-44
INJECTED from src/main/AndroidManifest.xml:6:5-44
INJECTED from src/main/AndroidManifest.xml:6:5-44
INJECTED from src/main/AndroidManifest.xml:6:5-44
	android:targetSdkVersion
		INJECTED from src/main/AndroidManifest.xml
		ADDED from src/main/AndroidManifest.xml:6:5-44
		INJECTED from src/main/AndroidManifest.xml
	android:minSdkVersion
		ADDED from src/main/AndroidManifest.xml:6:15-41
		INJECTED from src/main/AndroidManifest.xml
		INJECTED from src/main/AndroidManifest.xml
application
ADDED from src/main/AndroidManifest.xml:8:5-17:19
	android:label
		ADDED from src/main/AndroidManifest.xml:8:48-80
	android:icon
		ADDED from src/main/AndroidManifest.xml:8:18-47
activity#com.android.mdw.demo.Main
ADDED from src/main/AndroidManifest.xml:9:9-15:20
	android:label
		ADDED from src/main/AndroidManifest.xml:10:19-51
	android:name
		ADDED from src/main/AndroidManifest.xml:9:19-39
intent-filter#android.intent.action.MAIN+android.intent.category.LAUNCHER
ADDED from src/main/AndroidManifest.xml:11:13-14:29
action#android.intent.action.MAIN
ADDED from src/main/AndroidManifest.xml:12:17-69
	android:name
		ADDED from src/main/AndroidManifest.xml:12:25-66
category#android.intent.category.LAUNCHER
ADDED from src/main/AndroidManifest.xml:13:17-77
	android:name
		ADDED from src/main/AndroidManifest.xml:13:27-74
service#com.android.mdw.demo.ElServicio
ADDED from src/main/AndroidManifest.xml:16:3-64
	android:enabled
		ADDED from src/main/AndroidManifest.xml:16:12-34
	android:name
		ADDED from src/main/AndroidManifest.xml:16:35-61